LOGStart created on Thursday 2020/06/11  UTC 15:13:04:684

Reading "OSDD Data"...
Reading Content "Start"
Reading properties for module "X20SLX210_110.MainSN".
  ParameterGroup "Basic_PLC" has 16 parameters.
  ParameterGroup "Safety_Response_Time_Defaults" has 11 parameters.
  ParameterGroup "Options" has 4 parameters.
  ParameterGroup "SafeDigitalInput01" has 5 parameters.
  ParameterGroup "SafeDigitalInput02" has 15 parameters.
  ParameterGroup "http://www.br-automation.com" has 84 parameters.
Module "X20SLX210_110.MainSN.SL1.SM1" is of type "X20 SafeLOGIC Compact, 2xI, 24V, 2xCAT4" and has 1 external machine option objects.
Module "X20SLX210_110.MainSN.SL1.SM1" is of type "X20 SafeLOGIC Compact, 2xI, 24V, 2xCAT4" and has 2 external machine option objects.
Module "X20SLX210_110.MainSN.SL1.SM1" is of type "X20 SafeLOGIC Compact, 2xI, 24V, 2xCAT4" and has 3 external machine option objects.
Module "X20SLX210_110.MainSN.SL1.SM1" is of type "X20 SafeLOGIC Compact, 2xI, 24V, 2xCAT4" and has 4 external machine option objects.
Module "X20SLX210_110.MainSN.SL1.SM1" is of type "X20 SafeLOGIC Compact, 2xI, 24V, 2xCAT4" and has 5 external machine option objects.
Module "X20SLX210_110.MainSN.SL1.SM1" is of type "X20 SafeLOGIC Compact, 2xI, 24V, 2xCAT4" and has 6 external machine option objects.
Module "X20SLX210_110.MainSN.SL1.SM1" is of type "X20 SafeLOGIC Compact, 2xI, 24V, 2xCAT4" and has 7 external machine option objects.
Module "X20SLX210_110.MainSN.SL1.SM1" is of type "X20 SafeLOGIC Compact, 2xI, 24V, 2xCAT4" and has 8 external machine option objects.
Module "X20SLX210_110.MainSN.SL1.SM1" is of type "X20 SafeLOGIC Compact, 2xI, 24V, 2xCAT4" and has 9 external machine option objects.
Module "X20SLX210_110.MainSN.SL1.SM1" is of type "X20 SafeLOGIC Compact, 2xI, 24V, 2xCAT4" and has 10 external machine option objects.
Module "X20SLX210_110.MainSN.SL1.SM1" is of type "X20 SafeLOGIC Compact, 2xI, 24V, 2xCAT4" and has 11 external machine option objects.
Module "X20SLX210_110.MainSN.SL1.SM1" is of type "X20 SafeLOGIC Compact, 2xI, 24V, 2xCAT4" and has 12 external machine option objects.
Module "X20SLX210_110.MainSN.SL1.SM1" is of type "X20 SafeLOGIC Compact, 2xI, 24V, 2xCAT4" and has 13 external machine option objects.
Module "X20SLX210_110.MainSN.SL1.SM1" is of type "X20 SafeLOGIC Compact, 2xI, 24V, 2xCAT4" and has 14 external machine option objects.
Module "X20SLX210_110.MainSN.SL1.SM1" is of type "X20 SafeLOGIC Compact, 2xI, 24V, 2xCAT4" and has 15 external machine option objects.
Module "X20SLX210_110.MainSN.SL1.SM1" is of type "X20 SafeLOGIC Compact, 2xI, 24V, 2xCAT4" and has 16 external machine option objects.
Module "X20SLX210_110.MainSN.SL1.SM1" is of type "X20 SafeLOGIC Compact, 2xI, 24V, 2xCAT4" and has 17 external machine option objects.
Module "X20SLX210_110.MainSN.SL1.SM1" is of type "X20 SafeLOGIC Compact, 2xI, 24V, 2xCAT4" and has 18 external machine option objects.
Module "X20SLX210_110.MainSN.SL1.SM1" is of type "X20 SafeLOGIC Compact, 2xI, 24V, 2xCAT4" and has 19 external machine option objects.
Module "X20SLX210_110.MainSN.SL1.SM1" is of type "X20 SafeLOGIC Compact, 2xI, 24V, 2xCAT4" and has 20 external machine option objects.
Module "X20SLX210_110.MainSN.SL1.SM1" is of type "X20 SafeLOGIC Compact, 2xI, 24V, 2xCAT4" and has 21 external machine option objects.
Module "X20SLX210_110.MainSN.SL1.SM1" is of type "X20 SafeLOGIC Compact, 2xI, 24V, 2xCAT4" and has 22 external machine option objects.
Module "X20SLX210_110.MainSN.SL1.SM1" is of type "X20 SafeLOGIC Compact, 2xI, 24V, 2xCAT4" and has 23 external machine option objects.
Module "X20SLX210_110.MainSN.SL1.SM1" is of type "X20 SafeLOGIC Compact, 2xI, 24V, 2xCAT4" and has 24 external machine option objects.
Module "X20SLX210_110.MainSN.SL1.SM1" is of type "X20 SafeLOGIC Compact, 2xI, 24V, 2xCAT4" and has 25 external machine option objects.
Module "X20SLX210_110.MainSN.SL1.SM1" is of type "X20 SafeLOGIC Compact, 2xI, 24V, 2xCAT4" and has 26 external machine option objects.
Module "X20SLX210_110.MainSN.SL1.SM1" is of type "X20 SafeLOGIC Compact, 2xI, 24V, 2xCAT4" and has 27 external machine option objects.
Module "X20SLX210_110.MainSN.SL1.SM1" is of type "X20 SafeLOGIC Compact, 2xI, 24V, 2xCAT4" and has 28 external machine option objects.
Module "X20SLX210_110.MainSN.SL1.SM1" is of type "X20 SafeLOGIC Compact, 2xI, 24V, 2xCAT4" and has 29 external machine option objects.
Module "X20SLX210_110.MainSN.SL1.SM1" is of type "X20 SafeLOGIC Compact, 2xI, 24V, 2xCAT4" and has 30 external machine option objects.
Module "X20SLX210_110.MainSN.SL1.SM1" is of type "X20 SafeLOGIC Compact, 2xI, 24V, 2xCAT4" and has 31 external machine option objects.
Module "X20SLX210_110.MainSN.SL1.SM1" is of type "X20 SafeLOGIC Compact, 2xI, 24V, 2xCAT4" and has 32 external machine option objects.
Module "X20SLX210_110.MainSN.SL1.SM1" is of type "X20 SafeLOGIC Compact, 2xI, 24V, 2xCAT4" and has 33 external machine option objects.
Module "X20SLX210_110.MainSN.SL1.SM1" is of type "X20 SafeLOGIC Compact, 2xI, 24V, 2xCAT4" and has 34 external machine option objects.
Module "X20SLX210_110.MainSN.SL1.SM1" is of type "X20 SafeLOGIC Compact, 2xI, 24V, 2xCAT4" and has 35 external machine option objects.
Module "X20SLX210_110.MainSN.SL1.SM1" is of type "X20 SafeLOGIC Compact, 2xI, 24V, 2xCAT4" and has 36 external machine option objects.
Module "X20SLX210_110.MainSN.SL1.SM1" is of type "X20 SafeLOGIC Compact, 2xI, 24V, 2xCAT4" and has 37 external machine option objects.
Module "X20SLX210_110.MainSN.SL1.SM1" is of type "X20 SafeLOGIC Compact, 2xI, 24V, 2xCAT4" and has 38 external machine option objects.
Module "X20SLX210_110.MainSN.SL1.SM1" is of type "X20 SafeLOGIC Compact, 2xI, 24V, 2xCAT4" and has 39 external machine option objects.
Module "X20SLX210_110.MainSN.SL1.SM1" is of type "X20 SafeLOGIC Compact, 2xI, 24V, 2xCAT4" and has 40 external machine option objects.
Module "X20SLX210_110.MainSN.SL1.SM1" is of type "X20 SafeLOGIC Compact, 2xI, 24V, 2xCAT4" and has 41 external machine option objects.
Module "X20SLX210_110.MainSN.SL1.SM1" is of type "X20 SafeLOGIC Compact, 2xI, 24V, 2xCAT4" and has 42 external machine option objects.
Module "X20SLX210_110.MainSN.SL1.SM1" is of type "X20 SafeLOGIC Compact, 2xI, 24V, 2xCAT4" and has 43 external machine option objects.
Module "X20SLX210_110.MainSN.SL1.SM1" is of type "X20 SafeLOGIC Compact, 2xI, 24V, 2xCAT4" and has 44 external machine option objects.
Module "X20SLX210_110.MainSN.SL1.SM1" is of type "X20 SafeLOGIC Compact, 2xI, 24V, 2xCAT4" and has 45 external machine option objects.
Module "X20SLX210_110.MainSN.SL1.SM1" is of type "X20 SafeLOGIC Compact, 2xI, 24V, 2xCAT4" and has 46 external machine option objects.
Module "X20SLX210_110.MainSN.SL1.SM1" is of type "X20 SafeLOGIC Compact, 2xI, 24V, 2xCAT4" and has 47 external machine option objects.
Module "X20SLX210_110.MainSN.SL1.SM1" is of type "X20 SafeLOGIC Compact, 2xI, 24V, 2xCAT4" and has 48 external machine option objects.
Module "X20SLX210_110.MainSN.SL1.SM1" is of type "X20 SafeLOGIC Compact, 2xI, 24V, 2xCAT4" and has 49 external machine option objects.
Module "X20SLX210_110.MainSN.SL1.SM1" is of type "X20 SafeLOGIC Compact, 2xI, 24V, 2xCAT4" and has 50 external machine option objects.
Module "X20SLX210_110.MainSN.SL1.SM1" is of type "X20 SafeLOGIC Compact, 2xI, 24V, 2xCAT4" and has 51 external machine option objects.
Module "X20SLX210_110.MainSN.SL1.SM1" is of type "X20 SafeLOGIC Compact, 2xI, 24V, 2xCAT4" and has 52 external machine option objects.
Module "X20SLX210_110.MainSN.SL1.SM1" is of type "X20 SafeLOGIC Compact, 2xI, 24V, 2xCAT4" and has 53 external machine option objects.
Module "X20SLX210_110.MainSN.SL1.SM1" is of type "X20 SafeLOGIC Compact, 2xI, 24V, 2xCAT4" and has 54 external machine option objects.
Module "X20SLX210_110.MainSN.SL1.SM1" is of type "X20 SafeLOGIC Compact, 2xI, 24V, 2xCAT4" and has 55 external machine option objects.
Module "X20SLX210_110.MainSN.SL1.SM1" is of type "X20 SafeLOGIC Compact, 2xI, 24V, 2xCAT4" and has 56 external machine option objects.
Module "X20SLX210_110.MainSN.SL1.SM1" is of type "X20 SafeLOGIC Compact, 2xI, 24V, 2xCAT4" and has 57 external machine option objects.
Module "X20SLX210_110.MainSN.SL1.SM1" is of type "X20 SafeLOGIC Compact, 2xI, 24V, 2xCAT4" and has 58 external machine option objects.
Module "X20SLX210_110.MainSN.SL1.SM1" is of type "X20 SafeLOGIC Compact, 2xI, 24V, 2xCAT4" and has 59 external machine option objects.
Module "X20SLX210_110.MainSN.SL1.SM1" is of type "X20 SafeLOGIC Compact, 2xI, 24V, 2xCAT4" and has 60 external machine option objects.
Module "X20SLX210_110.MainSN.SL1.SM1" is of type "X20 SafeLOGIC Compact, 2xI, 24V, 2xCAT4" and has 61 external machine option objects.
Module "X20SLX210_110.MainSN.SL1.SM1" is of type "X20 SafeLOGIC Compact, 2xI, 24V, 2xCAT4" and has 62 external machine option objects.
Module "X20SLX210_110.MainSN.SL1.SM1" is of type "X20 SafeLOGIC Compact, 2xI, 24V, 2xCAT4" and has 63 external machine option objects.
Module "X20SLX210_110.MainSN.SL1.SM1" is of type "X20 SafeLOGIC Compact, 2xI, 24V, 2xCAT4" and has 64 external machine option objects.
Module "X20SLX210_110.MainSN.SL1.SM1" is of type "X20SLX210" and has 41 channels and 6 parameter groups.
Reading properties for module "X20SI8110_110".
  ParameterGroup "Basic_Node" has 8 parameters.
  ParameterGroup "Safety_Response_Time" has 4 parameters.
  ParameterGroup "SafeDigitalInput01" has 6 parameters.
  ParameterGroup "SafeDigitalInput02" has 6 parameters.
  ParameterGroup "SafeDigitalInput03" has 6 parameters.
  ParameterGroup "SafeDigitalInput04" has 6 parameters.
  ParameterGroup "SafeDigitalInput05" has 6 parameters.
  ParameterGroup "SafeDigitalInput06" has 6 parameters.
  ParameterGroup "SafeDigitalInput07" has 6 parameters.
  ParameterGroup "SafeDigitalInput08" has 12 parameters.
  ParameterGroup "http://www.br-automation.com" has 17 parameters.
Module "X20SI8110_110.SL1.SM2" is of type "X20SI8110" and has 25 channels and 11 parameter groups.
Reading properties for module "X20SO4120_110".
  ParameterGroup "Basic_Node" has 8 parameters.
  ParameterGroup "Safety_Response_Time" has 4 parameters.
  ParameterGroup "ModuleConfiguration" has 1 parameters.
  ParameterGroup "SafeDigitalOutput01" has 1 parameters.
  ParameterGroup "SafeDigitalOutput02" has 1 parameters.
  ParameterGroup "SafeDigitalOutput03" has 1 parameters.
  ParameterGroup "SafeDigitalOutput04" has 3 parameters.
  ParameterGroup "http://www.br-automation.com" has 9 parameters.
Module "X20SO4120_110.SL1.SM3" is of type "X20SO4120" and has 21 channels and 8 parameter groups.
Reading properties for module "X67SI8103_110".
  ParameterGroup "Basic_Node" has 8 parameters.
  ParameterGroup "Safety_Response_Time" has 4 parameters.
  ParameterGroup "Connector01" has 10 parameters.
  ParameterGroup "Connector02" has 10 parameters.
  ParameterGroup "Connector03" has 8 parameters.
  ParameterGroup "Connector04" has 8 parameters.
  ParameterGroup "http://www.br-automation.com" has 63 parameters.
Module "X67SI8103_110.SL1.SM4" is of type "X67SI8103" and has 33 channels and 7 parameter groups.
Content "name1" successfully read from "name2"



LOGAppend on Thursday 2020/06/11  UTC 15:13:04:688

Reading "C:\Kannegiesser\Projects\Banbury CLEAN SE7976\AS4_2_PLC_BaseProgram\Physical\Supertrack\CP1584\SafeLOGIC-1\BusNavigator.iom"...
Reading Content "IOOffsets"
IO reservations (MAX number of bytes): SI=2048  SO=2048  NSI=1024  NSO=1024   ConValid = 24  BITEMOsOffset=0  BITEMOsSize=0
Reading properties for module "SL1.SM1". Beginning at line 3
Reading properties for channel "BOOL001". Beginning at line 4
Reading properties for channel "BOOL002". Beginning at line 5
Reading properties for channel "BOOL003". Beginning at line 6
Reading properties for channel "BOOL004". Beginning at line 7
Reading properties for channel "BOOL009". Beginning at line 8
Reading properties for channel "BOOL010". Beginning at line 9
Reading properties for channel "BOOL011". Beginning at line 10
Reading properties for channel "BOOL012". Beginning at line 11
Reading properties for channel "BOOL016". Beginning at line 12
Reading properties for channel "BOOL101". Beginning at line 13
Reading properties for channel "BOOL102". Beginning at line 14
Reading properties for channel "BOOL104". Beginning at line 15
Reading properties for channel "BOOL109". Beginning at line 16
Reading properties for channel "BOOL110". Beginning at line 17
Reading properties for channel "BOOL111". Beginning at line 18
Reading properties for channel "BOOL112". Beginning at line 19
Reading properties for channel "BOOL116". Beginning at line 20
Module "SL1.SM1.SL1.SM1" has 17 items.
Reading properties for module "SL1.SM2". Beginning at line 22
Reading properties for channel "SafeModuleOk". Beginning at line 23
Reading properties for channel "SafeDigitalInput01". Beginning at line 24
Reading properties for channel "SafeDigitalInput02". Beginning at line 25
Reading properties for channel "SafeDigitalInput04". Beginning at line 26
Module "SL1.SM2.SL1.SM2" has 4 items.
Reading properties for module "SL1.SM3". Beginning at line 28
Reading properties for channel "SafeModuleOk". Beginning at line 29
Reading properties for channel "SafeDigitalOutput01". Beginning at line 30
Reading properties for channel "SafeDigitalOutput02". Beginning at line 31
Reading properties for channel "SafeDigitalOutput03". Beginning at line 32
Reading properties for channel "SafeDigitalOutput04". Beginning at line 33
Reading properties for channel "ReleaseOutput01". Beginning at line 34
Reading properties for channel "ReleaseOutput02". Beginning at line 35
Reading properties for channel "ReleaseOutput03". Beginning at line 36
Reading properties for channel "ReleaseOutput04". Beginning at line 37
Module "SL1.SM3.SL1.SM3" has 9 items.
Reading properties for module "SL1.SM4". Beginning at line 39
Reading properties for channel "SafeTwoChannelInput0102". Beginning at line 40
Reading properties for channel "DigitalInput01". Beginning at line 41
Module "SL1.SM4.SL1.SM4" has 2 items.
Content "IOOffsets" successfully read from "C:\Kannegiesser\Projects\Banbury CLEAN SE7976\AS4_2_PLC_BaseProgram\Physical\Supertrack\CP1584\SafeLOGIC-1\BusNavigator.iom"
